Debug mode for backend is True
 * Serving Flask app 'application/backend/run.py'
 * Debug mode: on
[31m[1mWARNING: This is a development server. Do not use it in a production deployment. Use a production WSGI server instead.[0m
 * Running on http://localhost:5030
[33mPress CTRL+C to quit[0m
 * Restarting with stat
 * Debugger is active!
 * Debugger PIN: 421-033-403
127.0.0.1 - - [20/Aug/2024 18:23:30] "GET /api/check_access_token HTTP/1.1" 200 -
127.0.0.1 - - [20/Aug/2024 18:23:31] "GET /api/create_link_token HTTP/1.1" 200 -
 * Detected change in '/Users/administrator/Code/python/personal-finances/application/frontend/src/__init__.py', reloading
Debug mode for backend is True
Successfully created link token: link-sandbox-42dd9142-e7eb-4b5e-98cc-38129b9af9b8
 * Restarting with stat
 * Debugger is active!
 * Debugger PIN: 421-033-403
 * Detected change in '/Users/administrator/Code/python/personal-finances/application/frontend/src/routes.py', reloading
Debug mode for backend is True
 * Restarting with stat
 * Debugger is active!
 * Debugger PIN: 421-033-403
 * Detected change in '/Users/administrator/Code/python/personal-finances/application/frontend/src/routes.py', reloading
Debug mode for backend is True
 * Restarting with stat
 * Debugger is active!
 * Debugger PIN: 421-033-403
127.0.0.1 - - [20/Aug/2024 18:25:22] "GET /api/check_access_token HTTP/1.1" 200 -
127.0.0.1 - - [20/Aug/2024 18:25:22] "GET /api/create_link_token HTTP/1.1" 200 -
